[02Mar2023 00:00:18.787] [Server thread/INFO] [net.minecraft.server.MinecraftServer/]: [@: 已将Dev的游戏模式改为创造模式]
[02Mar2023 00:00:18.792] [Render thread/INFO] [net.minecraft.client.gui.components.ChatComponent/]: [CHAT] 你的游戏模式已被更新为创造模式
[02Mar2023 00:00:18.792] [Render thread/INFO] [net.minecraft.client.gui.components.ChatComponent/]: [CHAT] [@: 已将Dev的游戏模式改为创造模式]
[02Mar2023 00:01:39.892] [Server thread/INFO] [net.minecraft.server.MinecraftServer/]: Dev取得了进度[永恒的伙伴]
[02Mar2023 00:01:39.895] [Render thread/INFO] [net.minecraft.client.gui.components.ChatComponent/]: [CHAT] Dev取得了进度[永恒的伙伴]
[02Mar2023 00:01:39.896] [Render thread/INFO] [net.minecraft.advancements.AdvancementList/]: Loaded 110 advancements
[02Mar2023 00:01:41.036] [Server thread/INFO] [net.minecraft.server.MinecraftServer/]: [@: 已将Dev的游戏模式改为生存模式]
[02Mar2023 00:01:41.046] [Render thread/INFO] [net.minecraft.client.gui.components.ChatComponent/]: [CHAT] 你的游戏模式已被更新为生存模式
[02Mar2023 00:01:41.046] [Render thread/INFO] [net.minecraft.client.gui.components.ChatComponent/]: [CHAT] [@: 已将Dev的游戏模式改为生存模式]
[02Mar2023 00:01:50.087] [Server thread/INFO] [net.minecraft.client.server.IntegratedServer/]: Saving and pausing game...
[02Mar2023 00:01:50.097] [Server thread/INFO] [net.minecraft.server.MinecraftServer/]: Saving chunks for level 'ServerLevel[新的世界]'/minecraft:overworld
[02Mar2023 00:01:50.103] [Server thread/INFO] [net.minecraft.server.MinecraftServer/]: Saving chunks for level 'ServerLevel[新的世界]'/minecraft:the_nether
[02Mar2023 00:01:50.104] [Server thread/INFO] [net.minecraft.server.MinecraftServer/]: Saving chunks for level 'ServerLevel[新的世界]'/minecraft:the_end
[02Mar2023 00:22:37.286] [Server thread/INFO] [net.minecraft.client.server.IntegratedServer/]: Saving and pausing game...
[02Mar2023 00:22:37.296] [Server thread/INFO] [net.minecraft.server.MinecraftServer/]: Saving chunks for level 'ServerLevel[新的世界]'/minecraft:overworld
[02Mar2023 00:22:37.300] [Server thread/INFO] [net.minecraft.server.MinecraftServer/]: Saving chunks for level 'ServerLevel[新的世界]'/minecraft:the_nether
[02Mar2023 00:22:37.301] [Server thread/INFO] [net.minecraft.server.MinecraftServer/]: Saving chunks for level 'ServerLevel[新的世界]'/minecraft:the_end
[02Mar2023 00:22:55.100] [Server thread/INFO] [net.minecraft.server.MinecraftServer/]: [@: 杀死了143个实体]
[02Mar2023 00:22:55.119] [Render thread/INFO] [net.minecraft.client.gui.components.ChatComponent/]: [CHAT] [@: 杀死了143个实体]
[02Mar2023 00:22:55.788] [Server thread/INFO] [net.minecraft.server.MinecraftServer/]: [@: 杀死了155个实体]
[02Mar2023 00:22:55.802] [Render thread/INFO] [net.minecraft.client.gui.components.ChatComponent/]: [CHAT] [@: 杀死了155个实体]
[02Mar2023 00:23:11.887] [Server thread/INFO] [net.minecraft.server.MinecraftServer/]: [@: 已将Dev的游戏模式改为创造模式]
[02Mar2023 00:23:11.899] [Render thread/INFO] [net.minecraft.client.gui.components.ChatComponent/]: [CHAT] 你的游戏模式已被更新为创造模式
[02Mar2023 00:23:11.900] [Render thread/INFO] [net.minecraft.client.gui.components.ChatComponent/]: [CHAT] [@: 已将Dev的游戏模式改为创造模式]
[02Mar2023 00:23:14.387] [Server thread/INFO] [net.minecraft.client.server.IntegratedServer/]: Saving and pausing game...
[02Mar2023 00:23:14.396] [Server thread/INFO] [net.minecraft.server.MinecraftServer/]: Saving chunks for level 'ServerLevel[新的世界]'/minecraft:overworld
[02Mar2023 00:23:14.400] [Server thread/INFO] [net.minecraft.server.MinecraftServer/]: Saving chunks for level 'ServerLevel[新的世界]'/minecraft:the_nether
[02Mar2023 00:23:14.401] [Server thread/INFO] [net.minecraft.server.MinecraftServer/]: Saving chunks for level 'ServerLevel[新的世界]'/minecraft:the_end
[02Mar2023 00:23:38.737] [Server thread/INFO] [net.minecraft.client.server.IntegratedServer/]: Saving and pausing game...
[02Mar2023 00:23:38.746] [Server thread/INFO] [net.minecraft.server.MinecraftServer/]: Saving chunks for level 'ServerLevel[新的世界]'/minecraft:overworld
[02Mar2023 00:23:38.750] [Server thread/INFO] [net.minecraft.server.MinecraftServer/]: Saving chunks for level 'ServerLevel[新的世界]'/minecraft:the_nether
[02Mar2023 00:23:38.750] [Server thread/INFO] [net.minecraft.server.MinecraftServer/]: Saving chunks for level 'ServerLevel[新的世界]'/minecraft:the_end
[02Mar2023 00:23:43.486] [Server thread/INFO] [net.minecraft.client.server.IntegratedServer/]: Saving and pausing game...
[02Mar2023 00:23:43.495] [Server thread/INFO] [net.minecraft.server.MinecraftServer/]: Saving chunks for level 'ServerLevel[新的世界]'/minecraft:overworld
[02Mar2023 00:23:43.500] [Server thread/INFO] [net.minecraft.server.MinecraftServer/]: Saving chunks for level 'ServerLevel[新的世界]'/minecraft:the_nether
[02Mar2023 00:23:43.500] [Server thread/INFO] [net.minecraft.server.MinecraftServer/]: Saving chunks for level 'ServerLevel[新的世界]'/minecraft:the_end
[02Mar2023 00:44:22.553] [Render thread/INFO] [net.minecraft.client.Minecraft/]: Stopping!
[02Mar2023 00:44:22.561] [Render thread/INFO] [mezz.jei.forge.startup.StartEventObserver/]: JEI StartEventObserver received class net.minecraftforge.client.event.ClientPlayerNetworkEvent$LoggedOutEvent
[02Mar2023 00:44:22.561] [Render thread/INFO] [mezz.jei.forge.startup.StartEventObserver/]: JEI StartEventObserver transitioning state from JEI_STARTED to DISABLED
[02Mar2023 00:44:22.561] [Render thread/INFO] [mezz.jei.forge.startup.ClientLifecycleHandler/]: Stopping JEI
[02Mar2023 00:44:22.594] [Server thread/INFO] [net.minecraft.server.network.ServerGamePacketListenerImpl/]: Dev lost connection: 连接中止
[02Mar2023 00:44:22.594] [Server thread/INFO] [net.minecraft.server.MinecraftServer/]: Dev退出了游戏
[02Mar2023 00:44:22.605] [Server thread/INFO] [net.minecraft.server.network.ServerGamePacketListenerImpl/]: Stopping singleplayer server as player logged out
[02Mar2023 00:44:22.645] [Server thread/INFO] [net.minecraft.server.MinecraftServer/]: Stopping server
[02Mar2023 00:44:22.645] [Server thread/INFO] [net.minecraft.server.MinecraftServer/]: Saving players
[02Mar2023 00:44:22.645] [Server thread/INFO] [net.minecraft.server.MinecraftServer/]: Saving worlds
[02Mar2023 00:44:23.427] [Server thread/INFO] [net.minecraft.server.MinecraftServer/]: Saving chunks for level 'ServerLevel[新的世界]'/minecraft:overworld
[02Mar2023 00:44:23.752] [Server thread/INFO] [net.minecraft.server.MinecraftServer/]: Saving chunks for level 'ServerLevel[新的世界]'/minecraft:the_nether
[02Mar2023 00:44:23.753] [Server thread/INFO] [net.minecraft.server.MinecraftServer/]: Saving chunks for level 'ServerLevel[新的世界]'/minecraft:the_end
[02Mar2023 00:44:23.770] [Server thread/INFO] [net.minecraft.server.MinecraftServer/]: ThreadedAnvilChunkStorage (新的世界): All chunks are saved
[02Mar2023 00:44:23.770] [Server thread/INFO] [net.minecraft.server.MinecraftServer/]: ThreadedAnvilChunkStorage (DIM-1): All chunks are saved
[02Mar2023 00:44:23.770] [Server thread/INFO] [net.minecraft.server.MinecraftServer/]: ThreadedAnvilChunkStorage (DIM1): All chunks are saved
[02Mar2023 00:44:23.770] [Server thread/INFO] [net.minecraft.server.MinecraftServer/]: ThreadedAnvilChunkStorage: All dimensions are saved
